18:13:39 GET: /api/books/16518458454952336270164ad1fbf5 user-agent: PostmanRuntime/7.29.0
18:13:51 GET: /api/books user-agent: Mozilla/5.0 (Macintosh; Intel Mac OS X 10_15_7) AppleWebKit/537.36 (KHTML, like Gecko) Chrome/100.0.4896.127 Safari/537.36
18:14:5 GET: /api/books/165185000070561559381759017991 user-agent: PostmanRuntime/7.29.0
18:25:57 GET: /api/books user-agent: Mozilla/5.0 (Macintosh; Intel Mac OS X 10_15_7) AppleWebKit/537.36 (KHTML, like Gecko) Chrome/100.0.4896.127 Safari/537.36
19:3:36 GET: /api/books user-agent: Mozilla/5.0 (Macintosh; Intel Mac OS X 10_15_7) AppleWebKit/537.36 (KHTML, like Gecko) Chrome/100.0.4896.127 Safari/537.36
19:4:54 POST: /api/books/ user-agent: PostmanRuntime/7.29.0
19:11:16 GET: /api/books user-agent: Mozilla/5.0 (Macintosh; Intel Mac OS X 10_15_7) AppleWebKit/537.36 (KHTML, like Gecko) Chrome/100.0.4896.127 Safari/537.36
19:11:21 POST: /api/books/ user-agent: PostmanRuntime/7.29.0
19:11:25 GET: /api/books user-agent: Mozilla/5.0 (Macintosh; Intel Mac OS X 10_15_7) AppleWebKit/537.36 (KHTML, like Gecko) Chrome/100.0.4896.127 Safari/537.36
19:15:28 PUT: /api/books/ user-agent: PostmanRuntime/7.29.0
19:15:54 GET: /api/books user-agent: Mozilla/5.0 (Macintosh; Intel Mac OS X 10_15_7) AppleWebKit/537.36 (KHTML, like Gecko) Chrome/100.0.4896.127 Safari/537.36
19:16:19 PUT: /api/books/165185348174279327644322131ffc user-agent: PostmanRuntime/7.29.0
19:19:59 GET: /api/books user-agent: Mozilla/5.0 (Macintosh; Intel Mac OS X 10_15_7) AppleWebKit/537.36 (KHTML, like Gecko) Chrome/100.0.4896.127 Safari/537.36
19:21:34 POST: /api/books/ user-agent: PostmanRuntime/7.29.0
19:22:10 PUT: /api/books/1651854094862938893712b48d8a31 user-agent: PostmanRuntime/7.29.0
19:22:31 GET: /api/books user-agent: Mozilla/5.0 (Macintosh; Intel Mac OS X 10_15_7) AppleWebKit/537.36 (KHTML, like Gecko) Chrome/100.0.4896.127 Safari/537.36
19:23:22 GET: /api/books user-agent: Mozilla/5.0 (Macintosh; Intel Mac OS X 10_15_7) AppleWebKit/537.36 (KHTML, like Gecko) Chrome/100.0.4896.127 Safari/537.36
19:23:49 POST: /api/books/ user-agent: PostmanRuntime/7.29.0
19:23:58 GET: /api/books user-agent: Mozilla/5.0 (Macintosh; Intel Mac OS X 10_15_7) AppleWebKit/537.36 (KHTML, like Gecko) Chrome/100.0.4896.127 Safari/537.36
19:24:50 PUT: /api/books/16518542295706524620834a0e6665 user-agent: PostmanRuntime/7.29.0
19:27:13 GET: /api/books user-agent: Mozilla/5.0 (Macintosh; Intel Mac OS X 10_15_7) AppleWebKit/537.36 (KHTML, like Gecko) Chrome/100.0.4896.127 Safari/537.36
19:27:45 POST: /api/books/ user-agent: PostmanRuntime/7.29.0
19:27:49 GET: /api/books user-agent: Mozilla/5.0 (Macintosh; Intel Mac OS X 10_15_7) AppleWebKit/537.36 (KHTML, like Gecko) Chrome/100.0.4896.127 Safari/537.36
19:28:26 PUT: /api/books/1651854465038130443803e42d9386 user-agent: PostmanRuntime/7.29.0
19:28:46 GET: /api/books user-agent: Mozilla/5.0 (Macintosh; Intel Mac OS X 10_15_7) AppleWebKit/537.36 (KHTML, like Gecko) Chrome/100.0.4896.127 Safari/537.36
21:56:21 GET: /api/books user-agent: Mozilla/5.0 (Macintosh; Intel Mac OS X 10_15_7) AppleWebKit/537.36 (KHTML, like Gecko) Chrome/100.0.4896.127 Safari/537.36
21:57:44 POST: /api/books/ user-agent: PostmanRuntime/7.29.0
21:59:3 PUT: /api/books/16518634643027664312888fbfbcfa user-agent: PostmanRuntime/7.29.0
21:59:20 GET: /api/books user-agent: Mozilla/5.0 (Macintosh; Intel Mac OS X 10_15_7) AppleWebKit/537.36 (KHTML, like Gecko) Chrome/100.0.4896.127 Safari/537.36
22:39:23 POST: /api/books/ user-agent: PostmanRuntime/7.29.0
22:41:3 GET: /api/books user-agent: Mozilla/5.0 (Macintosh; Intel Mac OS X 10_15_7) AppleWebKit/537.36 (KHTML, like Gecko) Chrome/100.0.4896.127 Safari/537.36
22:41:41 PUT: /api/books/1651865963270838326473a93658ab user-agent: PostmanRuntime/7.29.0
22:42:5 GET: /api/books user-agent: Mozilla/5.0 (Macintosh; Intel Mac OS X 10_15_7) AppleWebKit/537.36 (KHTML, like Gecko) Chrome/100.0.4896.127 Safari/537.36
23:0:22 GET: /api/books user-agent: Mozilla/5.0 (Macintosh; Intel Mac OS X 10_15_7) AppleWebKit/537.36 (KHTML, like Gecko) Chrome/100.0.4896.127 Safari/537.36
23:0:51 POST: /api/books/ user-agent: PostmanRuntime/7.29.0
23:0:56 GET: /api/books user-agent: Mozilla/5.0 (Macintosh; Intel Mac OS X 10_15_7) AppleWebKit/537.36 (KHTML, like Gecko) Chrome/100.0.4896.127 Safari/537.36
23:3:44 PUT: /api/books/165186725196158280966619236ea1 user-agent: PostmanRuntime/7.29.0
10:13:26 POST: /api/books/ user-agent: PostmanRuntime/7.29.0
10:13:32 GET: /api/books user-agent: Mozilla/5.0 (Macintosh; Intel Mac OS X 10_15_7) AppleWebKit/537.36 (KHTML, like Gecko) Chrome/100.0.4896.127 Safari/537.36
10:15:2 PUT: /api/books/1651907606981324233157c33de376 user-agent: PostmanRuntime/7.29.0
10:17:19 GET: /api/books user-agent: Mozilla/5.0 (Macintosh; Intel Mac OS X 10_15_7) AppleWebKit/537.36 (KHTML, like Gecko) Chrome/100.0.4896.127 Safari/537.36
10:19:25 GET: /api/books user-agent: Mozilla/5.0 (Macintosh; Intel Mac OS X 10_15_7) AppleWebKit/537.36 (KHTML, like Gecko) Chrome/100.0.4896.127 Safari/537.36
10:19:56 PUT: /api/books/165190795389024771737234d2e4ba user-agent: PostmanRuntime/7.29.0
10:21:33 GET: /api/books user-agent: Mozilla/5.0 (Macintosh; Intel Mac OS X 10_15_7) AppleWebKit/537.36 (KHTML, like Gecko) Chrome/100.0.4896.127 Safari/537.36
10:21:46 PUT: /api/books/1651908090015377434639b95dec3a user-agent: PostmanRuntime/7.29.0
10:25:10 GET: /api/books user-agent: Mozilla/5.0 (Macintosh; Intel Mac OS X 10_15_7) AppleWebKit/537.36 (KHTML, like Gecko) Chrome/100.0.4896.127 Safari/537.36
10:25:24 PUT: /api/books/1651908304512883411117294a30a8 user-agent: PostmanRuntime/7.29.0
10:25:38 GET: /api/books user-agent: Mozilla/5.0 (Macintosh; Intel Mac OS X 10_15_7) AppleWebKit/537.36 (KHTML, like Gecko) Chrome/100.0.4896.127 Safari/537.36
10:27:16 PUT: /api/books/1651908304512883411117294a30a8 user-agent: PostmanRuntime/7.29.0
13:50:9 GET: /add user-agent: Mozilla/5.0 (Macintosh; Intel Mac OS X 10_15_7) AppleWebKit/537.36 (KHTML, like Gecko) Chrome/100.0.4896.127 Safari/537.36
13:50:15 GET: /api/books user-agent: Mozilla/5.0 (Macintosh; Intel Mac OS X 10_15_7) AppleWebKit/537.36 (KHTML, like Gecko) Chrome/100.0.4896.127 Safari/537.36
13:50:36 DELETE: /api/books/16519205835053909736359f7fc527 user-agent: PostmanRuntime/7.29.0
13:50:46 DELETE: /api/books/16519205835053909736359f7fc527 user-agent: PostmanRuntime/7.29.0
